This is XeTeX, Version 3.141592653-2.6-0.999994 (MiKTeX 23.1) (preloaded format=xelatex 2023.3.18)  2 APR 2023 20:02
entering extended mode
 restricted \write18 enabled.
 %&-line parsing enabled.
**./main.tex
(main.tex
LaTeX2e <2022-11-01> patch level 1
L3 programming layer <2023-02-22>
(C:\Users\Administrator.DESKTOP-3NIAR4J\AppData\Local\Programs\MiKTeX\tex/latex
/ctex\ctexbook.cls
(C:\Users\Administrator.DESKTOP-3NIAR4J\AppData\Local\Programs\MiKTeX\tex/latex
/ctex/config\ctexbackend.cfg
File: ctexbackend.cfg 2022/07/14 v2.5.10 Backend configuration file (CTEX)
)
(C:\Users\Administrator.DESKTOP-3NIAR4J\AppData\Local\Programs\MiKTeX\tex/latex
/l3kernel\expl3.sty
Package: expl3 2023-02-22 L3 programming layer (loader) 

(C:\Users\Administrator.DESKTOP-3NIAR4J\AppData\Local\Programs\MiKTeX\tex/latex
/l3backend\l3backend-xetex.def
File: l3backend-xetex.def 2023-01-16 L3 backend support: XeTeX
\g__graphics_track_int=\count181
\l__pdf_internal_box=\box51
\g__pdf_backend_object_int=\count182
\g__pdf_backend_annotation_int=\count183
\g__pdf_backend_link_int=\count184
))
Document Class: ctexbook 2022/07/14 v2.5.10 Chinese adapter for class book (CTE
X)

(C:\Users\Administrator.DESKTOP-3NIAR4J\AppData\Local\Programs\MiKTeX\tex/latex
/ctex\ctexhook.sty
Package: ctexhook 2022/07/14 v2.5.10 Document and package hooks (CTEX)
)
(C:\Users\Administrator.DESKTOP-3NIAR4J\AppData\Local\Programs\MiKTeX\tex/latex
/ctex\ctexpatch.sty
Package: ctexpatch 2022/07/14 v2.5.10 Patching commands (CTEX)
)
(C:\Users\Administrator.DESKTOP-3NIAR4J\AppData\Local\Programs\MiKTeX\tex/latex
/base\fix-cm.sty
Package: fix-cm 2020/11/24 v1.1t fixes to LaTeX

(C:\Users\Administrator.DESKTOP-3NIAR4J\AppData\Local\Programs\MiKTeX\tex/latex
/base\ts1enc.def
File: ts1enc.def 2001/06/05 v3.0e (jk/car/fm) Standard LaTeX file
LaTeX Font Info:    Redeclaring font encoding TS1 on input line 47.
))
\l__ctex_tmp_int=\count185
\l__ctex_tmp_box=\box52
\l__ctex_tmp_dim=\dimen140
\g__ctex_section_depth_int=\count186
\g__ctex_font_size_int=\count187

(C:\Users\Administrator.DESKTOP-3NIAR4J\AppData\Local\Programs\MiKTeX\tex/latex
/ctex/config\ctexopts.cfg
File: ctexopts.cfg 2022/07/14 v2.5.10 Option configuration file (CTEX)
)
(C:\Users\Administrator.DESKTOP-3NIAR4J\AppData\Local\Programs\MiKTeX\tex/latex
/base\book.cls
Document Class: book 2022/07/02 v1.4n Standard LaTeX document class

(C:\Users\Administrator.DESKTOP-3NIAR4J\AppData\Local\Programs\MiKTeX\tex/latex
/base\bk10.clo
File: bk10.clo 2022/07/02 v1.4n Standard LaTeX file (size option)
)
\c@part=\count188
\c@chapter=\count189
\c@section=\count190
\c@subsection=\count191
\c@subsubsection=\count192
\c@paragraph=\count193
\c@subparagraph=\count194
\c@figure=\count195
\c@table=\count196
\abovecaptionskip=\skip48
\belowcaptionskip=\skip49
\bibindent=\dimen141
)
(C:\Users\Administrator.DESKTOP-3NIAR4J\AppData\Local\Programs\MiKTeX\tex/latex
/ctex/engine\ctex-engine-xetex.def
File: ctex-engine-xetex.def 2022/07/14 v2.5.10 XeLaTeX adapter (CTEX)

(C:\Users\Administrator.DESKTOP-3NIAR4J\AppData\Local\Programs\MiKTeX\tex/xelat
ex/xecjk\xeCJK.sty
Package: xeCJK 2022/08/05 v3.9.1 Typesetting CJK scripts with XeLaTeX

(C:\Users\Administrator.DESKTOP-3NIAR4J\AppData\Local\Programs\MiKTeX\tex/latex
/l3packages/xtemplate\xtemplate.sty
Package: xtemplate 2023-01-16 L3 Experimental prototype document functions
\l__xtemplate_tmp_dim=\dimen142
\l__xtemplate_tmp_int=\count197
\l__xtemplate_tmp_muskip=\muskip16
\l__xtemplate_tmp_skip=\skip50
)
\l__xeCJK_tmp_int=\count198
\l__xeCJK_tmp_box=\box53
\l__xeCJK_tmp_dim=\dimen143
\l__xeCJK_tmp_skip=\skip51
\g__xeCJK_space_factor_int=\count199
\l__xeCJK_begin_int=\count266
\l__xeCJK_end_int=\count267
\c__xeCJK_CJK_class_int=\XeTeXcharclass1
\c__xeCJK_FullLeft_class_int=\XeTeXcharclass2
\c__xeCJK_FullRight_class_int=\XeTeXcharclass3
\c__xeCJK_HalfLeft_class_int=\XeTeXcharclass4
\c__xeCJK_HalfRight_class_int=\XeTeXcharclass5
\c__xeCJK_NormalSpace_class_int=\XeTeXcharclass6
\c__xeCJK_CM_class_int=\XeTeXcharclass7
\c__xeCJK_HangulJamo_class_int=\XeTeXcharclass8
\l__xeCJK_last_skip=\skip52
\c__xeCJK_none_node=\count268
\g__xeCJK_node_int=\count269
\c__xeCJK_CJK_node_dim=\dimen144
\c__xeCJK_CJK-space_node_dim=\dimen145
\c__xeCJK_default_node_dim=\dimen146
\c__xeCJK_CJK-widow_node_dim=\dimen147
\c__xeCJK_normalspace_node_dim=\dimen148
\c__xeCJK_default-space_node_skip=\skip53
\l__xeCJK_ccglue_skip=\skip54
\l__xeCJK_ecglue_skip=\skip55
\l__xeCJK_punct_kern_skip=\skip56
\l__xeCJK_indent_box=\box54
\l__xeCJK_last_penalty_int=\count270
\l__xeCJK_last_bound_dim=\dimen149
\l__xeCJK_last_kern_dim=\dimen150
\l__xeCJK_widow_penalty_int=\count271

Package xtemplate Info: Declaring object type 'xeCJK/punctuation' taking 0
(xtemplate)             argument(s) on line 2396.

\l__xeCJK_fixed_punct_width_dim=\dimen151
\l__xeCJK_mixed_punct_width_dim=\dimen152
\l__xeCJK_middle_punct_width_dim=\dimen153
\l__xeCJK_fixed_margin_width_dim=\dimen154
\l__xeCJK_mixed_margin_width_dim=\dimen155
\l__xeCJK_middle_margin_width_dim=\dimen156
\l__xeCJK_bound_punct_width_dim=\dimen157
\l__xeCJK_bound_margin_width_dim=\dimen158
\l__xeCJK_margin_minimum_dim=\dimen159
\l__xeCJK_kerning_total_width_dim=\dimen160
\l__xeCJK_same_align_margin_dim=\dimen161
\l__xeCJK_different_align_margin_dim=\dimen162
\l__xeCJK_kerning_margin_width_dim=\dimen163
\l__xeCJK_kerning_margin_minimum_dim=\dimen164
\l__xeCJK_bound_dim=\dimen165
\l__xeCJK_reverse_bound_dim=\dimen166
\l__xeCJK_margin_dim=\dimen167
\l__xeCJK_minimum_bound_dim=\dimen168
\l__xeCJK_kerning_margin_dim=\dimen169
\g__xeCJK_family_int=\count272
\l__xeCJK_fam_int=\count273
\g__xeCJK_fam_allocation_int=\count274
\l__xeCJK_verb_case_int=\count275
\l__xeCJK_verb_exspace_skip=\skip57

(C:\Users\Administrator.DESKTOP-3NIAR4J\AppData\Local\Programs\MiKTeX\tex/latex
/fontspec\fontspec.sty
(C:\Users\Administrator.DESKTOP-3NIAR4J\AppData\Local\Programs\MiKTeX\tex/latex
/l3packages/xparse\xparse.sty
Package: xparse 2023-01-16 L3 Experimental document command parser
)
Package: fontspec 2022/01/15 v2.8a Font selection for XeLaTeX and LuaLaTeX

(C:\Users\Administrator.DESKTOP-3NIAR4J\AppData\Local\Programs\MiKTeX\tex/latex
/fontspec\fontspec-xetex.sty
Package: fontspec-xetex 2022/01/15 v2.8a Font selection for XeLaTeX and LuaLaTe
X
\l__fontspec_script_int=\count276
\l__fontspec_language_int=\count277
\l__fontspec_strnum_int=\count278
\l__fontspec_tmp_int=\count279
\l__fontspec_tmpa_int=\count280
\l__fontspec_tmpb_int=\count281
\l__fontspec_tmpc_int=\count282
\l__fontspec_em_int=\count283
\l__fontspec_emdef_int=\count284
\l__fontspec_strong_int=\count285
\l__fontspec_strongdef_int=\count286
\l__fontspec_tmpa_dim=\dimen170
\l__fontspec_tmpb_dim=\dimen171
\l__fontspec_tmpc_dim=\dimen172

(C:\Users\Administrator.DESKTOP-3NIAR4J\AppData\Local\Programs\MiKTeX\tex/latex
/base\fontenc.sty
Package: fontenc 2021/04/29 v2.0v Standard LaTeX package
)
(C:\Users\Administrator.DESKTOP-3NIAR4J\AppData\Local\Programs\MiKTeX\tex/latex
/fontspec\fontspec.cfg)))
(C:\Users\Administrator.DESKTOP-3NIAR4J\AppData\Local\Programs\MiKTeX\tex/xelat
ex/xecjk\xeCJK.cfg
File: xeCJK.cfg 2022/08/05 v3.9.1 Configuration file for xeCJK package
))
\ccwd=\dimen173
\l__ctex_ccglue_skip=\skip58
)
\l__ctex_ziju_dim=\dimen174

(C:\Users\Administrator.DESKTOP-3NIAR4J\AppData\Local\Programs\MiKTeX\tex/latex
/zhnumber\zhnumber.sty
Package: zhnumber 2022/07/14 v3.0 Typesetting numbers with Chinese glyphs
\l__zhnum_scale_int=\count287
\l__zhnum_tmp_int=\count288

(C:\Users\Administrator.DESKTOP-3NIAR4J\AppData\Local\Programs\MiKTeX\tex/latex
/zhnumber\zhnumber-utf8.cfg
File: zhnumber-utf8.cfg 2022/07/14 v3.0 Chinese numerals with UTF8 encoding
))
\l__ctex_heading_skip=\skip59

(C:\Users\Administrator.DESKTOP-3NIAR4J\AppData\Local\Programs\MiKTeX\tex/latex
/ctex/scheme\ctex-scheme-chinese-book.def
File: ctex-scheme-chinese-book.def 2022/07/14 v2.5.10 Chinese scheme for book (
CTEX)

(C:\Users\Administrator.DESKTOP-3NIAR4J\AppData\Local\Programs\MiKTeX\tex/latex
/ctex/config\ctex-name-utf8.cfg
File: ctex-name-utf8.cfg 2022/07/14 v2.5.10 Caption with encoding UTF-8 (CTEX)
))
(C:\Users\Administrator.DESKTOP-3NIAR4J\AppData\Local\Programs\MiKTeX\tex/latex
/ctex\ctex-c5size.clo
File: ctex-c5size.clo 2022/07/14 v2.5.10 c5size option (CTEX)
))
(C:\Users\Administrator.DESKTOP-3NIAR4J\AppData\Local\Programs\MiKTeX\tex/latex
/ctex/config\ctex.cfg
File: ctex.cfg 2022/07/14 v2.5.10 Configuration file (CTEX)
) (setup/package.tex
(C:\Users\Administrator.DESKTOP-3NIAR4J\AppData\Local\Programs\MiKTeX\tex/latex
/geometry\geometry.sty
Package: geometry 2020/01/02 v5.9 Page Geometry

(C:\Users\Administrator.DESKTOP-3NIAR4J\AppData\Local\Programs\MiKTeX\tex/latex
/graphics\keyval.sty
Package: keyval 2022/05/29 v1.15 key=value parser (DPC)
\KV@toks@=\toks16
)
(C:\Users\Administrator.DESKTOP-3NIAR4J\AppData\Local\Programs\MiKTeX\tex/gener
ic/iftex\ifvtex.sty
Package: ifvtex 2019/10/25 v1.7 ifvtex legacy package. Use iftex instead.

(C:\Users\Administrator.DESKTOP-3NIAR4J\AppData\Local\Programs\MiKTeX\tex/gener
ic/iftex\iftex.sty
Package: iftex 2022/02/03 v1.0f TeX engine tests
))
\Gm@cnth=\count289
\Gm@cntv=\count290
\c@Gm@tempcnt=\count291
\Gm@bindingoffset=\dimen175
\Gm@wd@mp=\dimen176
\Gm@odd@mp=\dimen177
\Gm@even@mp=\dimen178
\Gm@layoutwidth=\dimen179
\Gm@layoutheight=\dimen180
\Gm@layouthoffset=\dimen181
\Gm@layoutvoffset=\dimen182
\Gm@dimlist=\toks17

(C:\Users\Administrator.DESKTOP-3NIAR4J\AppData\Local\Programs\MiKTeX\tex/latex
/geometry\geometry.cfg))
(C:\Users\Administrator.DESKTOP-3NIAR4J\AppData\Local\Programs\MiKTeX\tex/latex
/titlesec\titletoc.sty
Package: titletoc 2021/07/05 v2.14 TOC entries
\ttl@leftsep=\dimen183
)
(C:\Users\Administrator.DESKTOP-3NIAR4J\AppData\Local\Programs\MiKTeX\tex/latex
/titlesec\titlesec.sty
Package: titlesec 2021/07/05 v2.14 Sectioning titles
\ttl@box=\box55
\beforetitleunit=\skip60
\aftertitleunit=\skip61
\ttl@plus=\dimen184
\ttl@minus=\dimen185
\ttl@toksa=\toks18
\titlewidth=\dimen186
\titlewidthlast=\dimen187
\titlewidthfirst=\dimen188
)
(C:\Users\Administrator.DESKTOP-3NIAR4J\AppData\Local\Programs\MiKTeX\tex/latex
/fancyhdr\fancyhdr.sty
Package: fancyhdr 2022/11/09 v4.1 Extensive control of page headers and footers

\f@nch@headwidth=\skip62
\f@nch@O@elh=\skip63
\f@nch@O@erh=\skip64
\f@nch@O@olh=\skip65
\f@nch@O@orh=\skip66
\f@nch@O@elf=\skip67
\f@nch@O@erf=\skip68
\f@nch@O@olf=\skip69
\f@nch@O@orf=\skip70
)
(C:\Users\Administrator.DESKTOP-3NIAR4J\AppData\Local\Programs\MiKTeX\tex/latex
/graphics\color.sty
Package: color 2022/01/06 v1.3d Standard LaTeX Color (DPC)

(C:\Users\Administrator.DESKTOP-3NIAR4J\AppData\Local\Programs\MiKTeX\tex/latex
/graphics-cfg\color.cfg
File: color.cfg 2016/01/02 v1.6 sample color configuration
)
Package color Info: Driver file: xetex.def on input line 149.

(C:\Users\Administrator.DESKTOP-3NIAR4J\AppData\Local\Programs\MiKTeX\tex/latex
/graphics-def\xetex.def
File: xetex.def 2022/09/22 v5.0n Graphics/color driver for xetex
)
(C:\Users\Administrator.DESKTOP-3NIAR4J\AppData\Local\Programs\MiKTeX\tex/latex
/graphics\mathcolor.ltx))
(C:\Users\Administrator.DESKTOP-3NIAR4J\AppData\Local\Programs\MiKTeX\tex/latex
/graphics\graphicx.sty
Package: graphicx 2021/09/16 v1.2d Enhanced LaTeX Graphics (DPC,SPQR)

(C:\Users\Administrator.DESKTOP-3NIAR4J\AppData\Local\Programs\MiKTeX\tex/latex
/graphics\graphics.sty
Package: graphics 2022/03/10 v1.4e Standard LaTeX Graphics (DPC,SPQR)

(C:\Users\Administrator.DESKTOP-3NIAR4J\AppData\Local\Programs\MiKTeX\tex/latex
/graphics\trig.sty
Package: trig 2021/08/11 v1.11 sin cos tan (DPC)
)
(C:\Users\Administrator.DESKTOP-3NIAR4J\AppData\Local\Programs\MiKTeX\tex/latex
/graphics-cfg\graphics.cfg
File: graphics.cfg 2016/06/04 v1.11 sample graphics configuration
)
Package graphics Info: Driver file: xetex.def on input line 107.
)
\Gin@req@height=\dimen189
\Gin@req@width=\dimen190
)
(C:\Users\Administrator.DESKTOP-3NIAR4J\AppData\Local\Programs\MiKTeX\tex/latex
/float\float.sty
Package: float 2001/11/08 v1.3d Float enhancements (AL)
\c@float@type=\count292
\float@exts=\toks19
\float@box=\box56
\@float@everytoks=\toks20
\@floatcapt=\box57
)
(C:\Users\Administrator.DESKTOP-3NIAR4J\AppData\Local\Programs\MiKTeX\tex/latex
/tools\tabularx.sty
Package: tabularx 2020/01/15 v2.11c `tabularx' package (DPC)

(C:\Users\Administrator.DESKTOP-3NIAR4J\AppData\Local\Programs\MiKTeX\tex/latex
/tools\array.sty
Package: array 2022/09/04 v2.5g Tabular extension package (FMi)
\col@sep=\dimen191
\ar@mcellbox=\box58
\extrarowheight=\dimen192
\NC@list=\toks21
\extratabsurround=\skip71
\backup@length=\skip72
\ar@cellbox=\box59
)
\TX@col@width=\dimen193
\TX@old@table=\dimen194
\TX@old@col=\dimen195
\TX@target=\dimen196
\TX@delta=\dimen197
\TX@cols=\count293
\TX@ftn=\toks22
)
(C:\Users\Administrator.DESKTOP-3NIAR4J\AppData\Local\Programs\MiKTeX\tex/latex
/multirow\multirow.sty
Package: multirow 2021/03/15 v2.8 Span multiple rows of a table
\multirow@colwidth=\skip73
\multirow@cntb=\count294
\multirow@dima=\skip74
\bigstrutjot=\dimen198
)
(C:\Users\Administrator.DESKTOP-3NIAR4J\AppData\Local\Programs\MiKTeX\tex/latex
/booktabs\booktabs.sty
Package: booktabs 2020/01/12 v1.61803398 Publication quality tables
\heavyrulewidth=\dimen199
\lightrulewidth=\dimen256
\cmidrulewidth=\dimen257
\belowrulesep=\dimen258
\belowbottomsep=\dimen259
\aboverulesep=\dimen260
\abovetopsep=\dimen261
\cmidrulesep=\dimen262
\cmidrulekern=\dimen263
\defaultaddspace=\dimen264
\@cmidla=\count295
\@cmidlb=\count296
\@aboverulesep=\dimen265
\@belowrulesep=\dimen266
\@thisruleclass=\count297
\@lastruleclass=\count298
\@thisrulewidth=\dimen267
)
(C:\Users\Administrator.DESKTOP-3NIAR4J\AppData\Local\Programs\MiKTeX\tex/latex
/tools\longtable.sty
Package: longtable 2021-09-01 v4.17 Multi-page Table package (DPC)
\LTleft=\skip75
\LTright=\skip76
\LTpre=\skip77
\LTpost=\skip78
\LTchunksize=\count299
\LTcapwidth=\dimen268
\LT@head=\box60
\LT@firsthead=\box61
\LT@foot=\box62
\LT@lastfoot=\box63
\LT@gbox=\box64
\LT@cols=\count300
\LT@rows=\count301
\c@LT@tables=\count302
\c@LT@chunks=\count303
\LT@p@ftn=\toks23
)
(C:\Users\Administrator.DESKTOP-3NIAR4J\AppData\Local\Programs\MiKTeX\tex/latex
/enumitem\enumitem.sty
Package: enumitem 2019/06/20 v3.9 Customized lists
\labelindent=\skip79
\enit@outerparindent=\dimen269
\enit@toks=\toks24
\enit@inbox=\box65
\enit@count@id=\count304
\enitdp@description=\count305
)
(C:\Users\Administrator.DESKTOP-3NIAR4J\AppData\Local\Programs\MiKTeX\tex/latex
/amsmath\amsmath.sty
Package: amsmath 2022/04/08 v2.17n AMS math features
\@mathmargin=\skip80

For additional information on amsmath, use the `?' option.

(C:\Users\Administrator.DESKTOP-3NIAR4J\AppData\Local\Programs\MiKTeX\tex/latex
/amsmath\amstext.sty
Package: amstext 2021/08/26 v2.01 AMS text

(C:\Users\Administrator.DESKTOP-3NIAR4J\AppData\Local\Programs\MiKTeX\tex/latex
/amsmath\amsgen.sty
File: amsgen.sty 1999/11/30 v2.0 generic functions
\@emptytoks=\toks25
\ex@=\dimen270
))
(C:\Users\Administrator.DESKTOP-3NIAR4J\AppData\Local\Programs\MiKTeX\tex/latex
/amsmath\amsbsy.sty
Package: amsbsy 1999/11/29 v1.2d Bold Symbols
\pmbraise@=\dimen271
)
(C:\Users\Administrator.DESKTOP-3NIAR4J\AppData\Local\Programs\MiKTeX\tex/latex
/amsmath\amsopn.sty
Package: amsopn 2022/04/08 v2.04 operator names
)
\inf@bad=\count306
LaTeX Info: Redefining \frac on input line 234.
\uproot@=\count307
\leftroot@=\count308
LaTeX Info: Redefining \overline on input line 399.
LaTeX Info: Redefining \colon on input line 410.
\classnum@=\count309
\DOTSCASE@=\count310
LaTeX Info: Redefining \ldots on input line 496.
LaTeX Info: Redefining \dots on input line 499.
LaTeX Info: Redefining \cdots on input line 620.
\Mathstrutbox@=\box66
\strutbox@=\box67
LaTeX Info: Redefining \big on input line 722.
LaTeX Info: Redefining \Big on input line 723.
LaTeX Info: Redefining \bigg on input line 724.
LaTeX Info: Redefining \Bigg on input line 725.
\big@size=\dimen272
LaTeX Font Info:    Redeclaring font encoding OML on input line 743.
LaTeX Font Info:    Redeclaring font encoding OMS on input line 744.
\macc@depth=\count311
LaTeX Info: Redefining \bmod on input line 905.
LaTeX Info: Redefining \pmod on input line 910.
LaTeX Info: Redefining \smash on input line 940.
LaTeX Info: Redefining \relbar on input line 970.
LaTeX Info: Redefining \Relbar on input line 971.
\c@MaxMatrixCols=\count312
\dotsspace@=\muskip17
\c@parentequation=\count313
\dspbrk@lvl=\count314
\tag@help=\toks26
\row@=\count315
\column@=\count316
\maxfields@=\count317
\andhelp@=\toks27
\eqnshift@=\dimen273
\alignsep@=\dimen274
\tagshift@=\dimen275
\tagwidth@=\dimen276
\totwidth@=\dimen277
\lineht@=\dimen278
\@envbody=\toks28
\multlinegap=\skip81
\multlinetaggap=\skip82
\mathdisplay@stack=\toks29
LaTeX Info: Redefining \[ on input line 2953.
LaTeX Info: Redefining \] on input line 2954.
)
(C:\Users\Administrator.DESKTOP-3NIAR4J\AppData\Local\Programs\MiKTeX\tex/latex
/amsfonts\amssymb.sty
Package: amssymb 2013/01/14 v3.01 AMS font symbols

(C:\Users\Administrator.DESKTOP-3NIAR4J\AppData\Local\Programs\MiKTeX\tex/latex
/amsfonts\amsfonts.sty
Package: amsfonts 2013/01/14 v3.01 Basic AMSFonts support
\symAMSa=\mathgroup4
\symAMSb=\mathgroup5
LaTeX Font Info:    Redeclaring math symbol \hbar on input line 98.
LaTeX Font Info:    Overwriting math alphabet `\mathfrak' in version `bold'
(Font)                  U/euf/m/n --> U/euf/b/n on input line 106.
))
(C:\Users\Administrator.DESKTOP-3NIAR4J\AppData\Local\Programs\MiKTeX\tex/latex
/tools\bm.sty
Package: bm 2022/01/05 v1.2f Bold Symbol Support (DPC/FMi)
\symboldoperators=\mathgroup6
\symboldletters=\mathgroup7
\symboldsymbols=\mathgroup8
Package bm Info: No bold for \OMX/cmex/m/n, using \pmb.
Package bm Info: No bold for \U/msa/m/n, using \pmb.
Package bm Info: No bold for \U/msb/m/n, using \pmb.
LaTeX Font Info:    Redeclaring math alphabet \mathbf on input line 149.
)
(C:\Users\Administrator.DESKTOP-3NIAR4J\AppData\Local\Programs\MiKTeX\tex/latex
/lm\lmodern.sty
Package: lmodern 2015/05/01 v1.6.1 Latin Modern Fonts
LaTeX Font Info:    Overwriting symbol font `operators' in version `normal'
(Font)                  OT1/cmr/m/n --> OT1/lmr/m/n on input line 22.
LaTeX Font Info:    Overwriting symbol font `letters' in version `normal'
(Font)                  OML/cmm/m/it --> OML/lmm/m/it on input line 23.
LaTeX Font Info:    Overwriting symbol font `symbols' in version `normal'
(Font)                  OMS/cmsy/m/n --> OMS/lmsy/m/n on input line 24.
LaTeX Font Info:    Overwriting symbol font `largesymbols' in version `normal'
(Font)                  OMX/cmex/m/n --> OMX/lmex/m/n on input line 25.
LaTeX Font Info:    Overwriting symbol font `operators' in version `bold'
(Font)                  OT1/cmr/bx/n --> OT1/lmr/bx/n on input line 26.
LaTeX Font Info:    Overwriting symbol font `letters' in version `bold'
(Font)                  OML/cmm/b/it --> OML/lmm/b/it on input line 27.
LaTeX Font Info:    Overwriting symbol font `symbols' in version `bold'
(Font)                  OMS/cmsy/b/n --> OMS/lmsy/b/n on input line 28.
LaTeX Font Info:    Overwriting symbol font `largesymbols' in version `bold'
(Font)                  OMX/cmex/m/n --> OMX/lmex/m/n on input line 29.
LaTeX Font Info:    Overwriting math alphabet `\mathbf' in version `normal'
(Font)                  OT1/cmr/bx/n --> OT1/lmr/bx/n on input line 31.
LaTeX Font Info:    Overwriting math alphabet `\mathsf' in version `normal'
(Font)                  OT1/cmss/m/n --> OT1/lmss/m/n on input line 32.
LaTeX Font Info:    Overwriting math alphabet `\mathit' in version `normal'
(Font)                  OT1/cmr/m/it --> OT1/lmr/m/it on input line 33.
LaTeX Font Info:    Overwriting math alphabet `\mathtt' in version `normal'
(Font)                  OT1/cmtt/m/n --> OT1/lmtt/m/n on input line 34.
LaTeX Font Info:    Overwriting math alphabet `\mathbf' in version `bold'
(Font)                  OT1/cmr/bx/n --> OT1/lmr/bx/n on input line 35.
LaTeX Font Info:    Overwriting math alphabet `\mathsf' in version `bold'
(Font)                  OT1/cmss/bx/n --> OT1/lmss/bx/n on input line 36.
LaTeX Font Info:    Overwriting math alphabet `\mathit' in version `bold'
(Font)                  OT1/cmr/bx/it --> OT1/lmr/bx/it on input line 37.
LaTeX Font Info:    Overwriting math alphabet `\mathtt' in version `bold'
(Font)                  OT1/cmtt/m/n --> OT1/lmtt/m/n on input line 38.
)
(C:\Users\Administrator.DESKTOP-3NIAR4J\AppData\Local\Programs\MiKTeX\tex/latex
/ntheorem\ntheorem.sty
Style `ntheorem', Version 1.33 <2011/08/15>
Package: ntheorem 2011/08/15 1.33

(C:\Users\Administrator.DESKTOP-3NIAR4J\AppData\Local\Programs\MiKTeX\tex/latex
/base\ifthen.sty
Package: ifthen 2022/04/13 v1.1d Standard LaTeX ifthen package (DPC)
)
\theorem@style=\toks30
\theorem@@style=\toks31
\theorembodyfont=\toks32
\theoremnumbering=\toks33
\theorempreskipamount=\skip83
\theorempostskipamount=\skip84
\theoremframepreskipamount=\skip85
\theoremframepostskipamount=\skip86
\theoreminframepreskipamount=\skip87
\theoreminframepostskipamount=\skip88
\theorem@preskip=\toks34
\theorem@postskip=\toks35
\theorem@framepreskip=\toks36
\theorem@framepostskip=\toks37
\theorem@inframepreskip=\toks38
\theorem@inframepostskip=\toks39
\theoremindent=\dimen279
\theorem@indent=\dimen280
\theoremrightindent=\dimen281
\theorem@rightindent=\dimen282
\theoremheaderfont=\toks40
\theoremseparator=\toks41
\theoremprework=\toks42
\theorempostwork=\toks43
\theoremsymbol=\toks44
\qedsymbol=\toks45
\theoremkeyword=\toks46
\qedsymbol=\toks47
\thm@topsep=\skip89
\thm@topsepadd=\skip90
Package ntheorem Info: Option `thmmarks' loaded on input line 1175.
\c@endNonectr=\count318
\c@currNonectr=\count319
\mysavskip=\skip91
Package ntheorem Info: option `amsmath' handling for `thmmarks' loaded on input
 line 1175.
\thm@amstmpdepth=\dimen283
\tagwidth=\dimen284
)
(C:\Users\Administrator.DESKTOP-3NIAR4J\AppData\Local\Programs\MiKTeX\tex/latex
/subfigure\subfigure.sty
Package: subfigure 2002/07/30 v2.1.4 subfigure package
\subfigtopskip=\skip92
\subfigcapskip=\skip93
\subfigcaptopadj=\dimen285
\subfigbottomskip=\skip94
\subfigcapmargin=\dimen286
\subfiglabelskip=\skip95
\c@subfigure=\count320
\c@lofdepth=\count321
\c@subtable=\count322
\c@lotdepth=\count323

****************************************
* Local config file subfigure.cfg used *
****************************************

(C:\Users\Administrator.DESKTOP-3NIAR4J\AppData\Local\Programs\MiKTeX\tex/latex
/subfigure\subfigure.cfg)
\subfig@top=\skip96
\subfig@bottom=\skip97
)
(C:\Users\Administrator.DESKTOP-3NIAR4J\AppData\Local\Programs\MiKTeX\tex/latex
/ccaption\ccaption.sty
Package: ccaption 2011/08/07 v3.2c Extended captioning and new floats
\@contcwidth=\skip98
\@contindw=\skip99
\abovelegendskip=\skip100
\belowlegendskip=\skip101
\c@@contsubnum=\count324
\c@newflo@tctr=\count325
)
(C:\Users\Administrator.DESKTOP-3NIAR4J\AppData\Local\Programs\MiKTeX\tex/latex
/natbib\natbib.sty
Package: natbib 2010/09/13 8.31b (PWD, AO)
\bibhang=\skip102
\bibsep=\skip103
LaTeX Info: Redefining \cite on input line 694.
\c@NAT@ctr=\count326
)
(C:\Users\Administrator.DESKTOP-3NIAR4J\AppData\Local\Programs\MiKTeX\tex/latex
/setspace\setspace.sty
Package: setspace 2022/12/04 v6.7b set line spacing
)
(C:\Users\Administrator.DESKTOP-3NIAR4J\AppData\Local\Programs\MiKTeX\tex/latex
/caption\caption.sty
Package: caption 2023/03/12 v3.6j Customizing captions (AR)

(C:\Users\Administrator.DESKTOP-3NIAR4J\AppData\Local\Programs\MiKTeX\tex/latex
/caption\caption3.sty
Package: caption3 2023/03/12 v2.4 caption3 kernel (AR)
\caption@tempdima=\dimen287
\captionmargin=\dimen288
\caption@leftmargin=\dimen289
\caption@rightmargin=\dimen290
\caption@width=\dimen291
\caption@indent=\dimen292
\caption@parindent=\dimen293
\caption@hangindent=\dimen294
Package caption Info: Unknown document class (or package),
(caption)             standard defaults will be used.
Package caption Info: \@makecaption = \long macro:#1#2->\let \@conttempa \relax
 \ifdim \prevdepth >-99\p@ \vskip \abovecaptionskip \else \def \@conttempa {\vb
ox to\topskip {}}\fi \let \@contfnote \footnote \renewcommand {\footnote }[2][]
{} \let \@contfmark \footnotemark \renewcommand {\footnotemark }[1][]{} \let \@
contlabel \label \renewcommand {\label }[1]{} \sbox \@tempboxa {\@contnfont #1\
@contdelim \@conttfont #2} \let \footnote \@contfnote \let \footnotemark \@cont
fmark \let \label \@contlabel \ifdim \wd \@tempboxa <\linewidth \centering \fi 
\if@contcw \centering \parbox {\@contcwidth }{\fi \if@conthang \sbox \@tempboxa
 {\@contnfont #1\@contdelim } \@contpre {\@contnfont #1\@contdelim }\@conttempa
 {\@contcstyle \hangindent =\wd \@tempboxa \hangafter =\@ne \@conttfont #2\par 
} \else \if@contindent \@contpre {\@contnfont #1\@contdelim }\@conttempa {\@con
tcstyle \hangindent =\@contindw \hangafter =\@ne \@conttfont #2\par } \else \@c
ontpre {\@contnfont #1\@contdelim }\@conttempa {\@contcstyle \@conttfont #2\par
 } \fi \fi \@contpost \if@contcw \par } \fi \vskip \belowcaptionskip  on input 
line 1176.
)

Package caption Warning: Unknown document class (or package),
(caption)                standard defaults will be used.
See the caption package documentation for explanation.

\c@caption@flags=\count327
\c@continuedfloat=\count328
Package caption Info: float package is loaded.
Package caption Info: longtable package is loaded.

(C:\Users\Administrator.DESKTOP-3NIAR4J\AppData\Local\Programs\MiKTeX\tex/latex
/caption\ltcaption.sty
Package: ltcaption 2021/01/08 v1.4c longtable captions (AR)
)
Package caption Info: subfigure package is loaded.
)
(C:\Users\Administrator.DESKTOP-3NIAR4J\AppData\Local\Programs\MiKTeX\tex/latex
/hyperref\hyperref.sty
Package: hyperref 2023-02-07 v7.00v Hypertext links for LaTeX

(C:\Users\Administrator.DESKTOP-3NIAR4J\AppData\Local\Programs\MiKTeX\tex/gener
ic/ltxcmds\ltxcmds.sty
Package: ltxcmds 2020-05-10 v1.25 LaTeX kernel commands for general use (HO)
)
(C:\Users\Administrator.DESKTOP-3NIAR4J\AppData\Local\Programs\MiKTeX\tex/gener
ic/pdftexcmds\pdftexcmds.sty
Package: pdftexcmds 2020-06-27 v0.33 Utility functions of pdfTeX for LuaTeX (HO
)

(C:\Users\Administrator.DESKTOP-3NIAR4J\AppData\Local\Programs\MiKTeX\tex/gener
ic/infwarerr\infwarerr.sty
Package: infwarerr 2019/12/03 v1.5 Providing info/warning/error messages (HO)
)
Package pdftexcmds Info: \pdf@primitive is available.
Package pdftexcmds Info: \pdf@ifprimitive is available.
Package pdftexcmds Info: \pdfdraftmode not found.
)
(C:\Users\Administrator.DESKTOP-3NIAR4J\AppData\Local\Programs\MiKTeX\tex/latex
/kvsetkeys\kvsetkeys.sty
Package: kvsetkeys 2022-10-05 v1.19 Key value parser (HO)
)
(C:\Users\Administrator.DESKTOP-3NIAR4J\AppData\Local\Programs\MiKTeX\tex/gener
ic/kvdefinekeys\kvdefinekeys.sty
Package: kvdefinekeys 2019-12-19 v1.6 Define keys (HO)
)
(C:\Users\Administrator.DESKTOP-3NIAR4J\AppData\Local\Programs\MiKTeX\tex/gener
ic/pdfescape\pdfescape.sty
Package: pdfescape 2019/12/09 v1.15 Implements pdfTeX's escape features (HO)
)
(C:\Users\Administrator.DESKTOP-3NIAR4J\AppData\Local\Programs\MiKTeX\tex/latex
/hycolor\hycolor.sty
Package: hycolor 2020-01-27 v1.10 Color options for hyperref/bookmark (HO)
)
(C:\Users\Administrator.DESKTOP-3NIAR4J\AppData\Local\Programs\MiKTeX\tex/latex
/letltxmacro\letltxmacro.sty
Package: letltxmacro 2019/12/03 v1.6 Let assignment for LaTeX macros (HO)
)
(C:\Users\Administrator.DESKTOP-3NIAR4J\AppData\Local\Programs\MiKTeX\tex/latex
/auxhook\auxhook.sty
Package: auxhook 2019-12-17 v1.6 Hooks for auxiliary files (HO)
)
(C:\Users\Administrator.DESKTOP-3NIAR4J\AppData\Local\Programs\MiKTeX\tex/latex
/hyperref\nameref.sty
Package: nameref 2022-05-17 v2.50 Cross-referencing by name of section

(C:\Users\Administrator.DESKTOP-3NIAR4J\AppData\Local\Programs\MiKTeX\tex/latex
/refcount\refcount.sty
Package: refcount 2019/12/15 v3.6 Data extraction from label references (HO)
)
(C:\Users\Administrator.DESKTOP-3NIAR4J\AppData\Local\Programs\MiKTeX\tex/gener
ic/gettitlestring\gettitlestring.sty
Package: gettitlestring 2019/12/15 v1.6 Cleanup title references (HO)

(C:\Users\Administrator.DESKTOP-3NIAR4J\AppData\Local\Programs\MiKTeX\tex/latex
/kvoptions\kvoptions.sty
Package: kvoptions 2022-06-15 v3.15 Key value format for package options (HO)
))
\c@section@level=\count329
)
\@linkdim=\dimen295
\Hy@linkcounter=\count330
\Hy@pagecounter=\count331

(C:\Users\Administrator.DESKTOP-3NIAR4J\AppData\Local\Programs\MiKTeX\tex/latex
/hyperref\pd1enc.def
File: pd1enc.def 2023-02-07 v7.00v Hyperref: PDFDocEncoding definition (HO)
)
(C:\Users\Administrator.DESKTOP-3NIAR4J\AppData\Local\Programs\MiKTeX\tex/gener
ic/intcalc\intcalc.sty
Package: intcalc 2019/12/15 v1.3 Expandable calculations with integers (HO)
)
(C:\Users\Administrator.DESKTOP-3NIAR4J\AppData\Local\Programs\MiKTeX\tex/gener
ic/etexcmds\etexcmds.sty
Package: etexcmds 2019/12/15 v1.7 Avoid name clashes with e-TeX commands (HO)
)
\Hy@SavedSpaceFactor=\count332

(C:\Users\Administrator.DESKTOP-3NIAR4J\AppData\Local\Programs\MiKTeX\tex/latex
/hyperref\puenc.def
File: puenc.def 2023-02-07 v7.00v Hyperref: PDF Unicode definition (HO)
)
Package hyperref Info: Option `unicode' set `true' on input line 4060.
Package hyperref Info: Option `bookmarksnumbered' set `true' on input line 4060
.
Package hyperref Info: Option `bookmarksopen' set `true' on input line 4060.
Package hyperref Info: Option `colorlinks' set `false' on input line 4060.
Package hyperref Info: Option `breaklinks' set `true' on input line 4060.
Package hyperref Info: Hyper figures OFF on input line 4177.
Package hyperref Info: Link nesting OFF on input line 4182.
Package hyperref Info: Hyper index ON on input line 4185.
Package hyperref Info: Plain pages OFF on input line 4192.
Package hyperref Info: Backreferencing OFF on input line 4197.
Package hyperref Info: Implicit mode ON; LaTeX internals redefined.
Package hyperref Info: Bookmarks ON on input line 4425.
\c@Hy@tempcnt=\count333

(C:\Users\Administrator.DESKTOP-3NIAR4J\AppData\Local\Programs\MiKTeX\tex/latex
/url\url.sty
\Urlmuskip=\muskip18
Package: url 2013/09/16  ver 3.4  Verb mode for urls, etc.
)
LaTeX Info: Redefining \url on input line 4763.
\XeTeXLinkMargin=\dimen296

(C:\Users\Administrator.DESKTOP-3NIAR4J\AppData\Local\Programs\MiKTeX\tex/gener
ic/bitset\bitset.sty
Package: bitset 2019/12/09 v1.3 Handle bit-vector datatype (HO)

(C:\Users\Administrator.DESKTOP-3NIAR4J\AppData\Local\Programs\MiKTeX\tex/gener
ic/bigintcalc\bigintcalc.sty
Package: bigintcalc 2019/12/15 v1.5 Expandable calculations on big integers (HO
)
))
\Fld@menulength=\count334
\Field@Width=\dimen297
\Fld@charsize=\dimen298
Package hyperref Info: Hyper figures OFF on input line 6042.
Package hyperref Info: Link nesting OFF on input line 6047.
Package hyperref Info: Hyper index ON on input line 6050.
Package hyperref Info: backreferencing OFF on input line 6057.
Package hyperref Info: Link coloring OFF on input line 6062.
Package hyperref Info: Link coloring with OCG OFF on input line 6067.
Package hyperref Info: PDF/A mode OFF on input line 6072.

(C:\Users\Administrator.DESKTOP-3NIAR4J\AppData\Local\Programs\MiKTeX\tex/latex
/base\atbegshi-ltx.sty
Package: atbegshi-ltx 2021/01/10 v1.0c Emulation of the original atbegshi
package with kernel methods
)
\Hy@abspage=\count335
\c@Item=\count336
\c@Hfootnote=\count337
)
Package hyperref Info: Driver: hxetex.

(C:\Users\Administrator.DESKTOP-3NIAR4J\AppData\Local\Programs\MiKTeX\tex/latex
/hyperref\hxetex.def
File: hxetex.def 2023-02-07 v7.00v Hyperref driver for XeTeX

(C:\Users\Administrator.DESKTOP-3NIAR4J\AppData\Local\Programs\MiKTeX\tex/gener
ic/stringenc\stringenc.sty
Package: stringenc 2019/11/29 v1.12 Convert strings between diff. encodings (HO
)
)
\pdfm@box=\box68
\c@Hy@AnnotLevel=\count338
\HyField@AnnotCount=\count339
\Fld@listcount=\count340
\c@bookmark@seq@number=\count341

(C:\Users\Administrator.DESKTOP-3NIAR4J\AppData\Local\Programs\MiKTeX\tex/latex
/rerunfilecheck\rerunfilecheck.sty
Package: rerunfilecheck 2022-07-10 v1.10 Rerun checks for auxiliary files (HO)

(C:\Users\Administrator.DESKTOP-3NIAR4J\AppData\Local\Programs\MiKTeX\tex/latex
/base\atveryend-ltx.sty
Package: atveryend-ltx 2020/08/19 v1.0a Emulation of the original atveryend pac
kage
with kernel methods
)
(C:\Users\Administrator.DESKTOP-3NIAR4J\AppData\Local\Programs\MiKTeX\tex/gener
ic/uniquecounter\uniquecounter.sty
Package: uniquecounter 2019/12/15 v1.4 Provide unlimited unique counter (HO)
)
Package uniquecounter Info: New unique counter `rerunfilecheck' on input line 2
85.
)
\Hy@SectionHShift=\skip104
)
(C:\Users\Administrator.DESKTOP-3NIAR4J\AppData\Local\Programs\MiKTeX\tex/latex
/algorithm2e\algorithm2e.sty
Invalid UTF-8 byte or sequence at line 284 replaced by U+FFFD.
Invalid UTF-8 byte or sequence at line 299 replaced by U+FFFD.
Invalid UTF-8 byte or sequence at line 550 replaced by U+FFFD.
Package: algorithm2e 2017/07/18 v5.2 algorithms environments
\c@AlgoLine=\count342
\algocf@hangindent=\skip105

(C:\Users\Administrator.DESKTOP-3NIAR4J\AppData\Local\Programs\MiKTeX\tex/latex
/ifoddpage\ifoddpage.sty
Package: ifoddpage 2022/10/18 v1.2 Conditionals for odd/even page detection
\c@checkoddpage=\count343
)
(C:\Users\Administrator.DESKTOP-3NIAR4J\AppData\Local\Programs\MiKTeX\tex/latex
/tools\xspace.sty
Package: xspace 2014/10/28 v1.13 Space after command names (DPC,MH)
)
(C:\Users\Administrator.DESKTOP-3NIAR4J\AppData\Local\Programs\MiKTeX\tex/latex
/relsize\relsize.sty
Package: relsize 2013/03/29 ver 4.1
)
\skiptotal=\skip106
\skiplinenumber=\skip107
\skiprule=\skip108
\skiphlne=\skip109
\skiptext=\skip110
\skiplength=\skip111
\algomargin=\skip112
\skipalgocfslide=\skip113
\algowidth=\dimen299
\inoutsize=\dimen300
\inoutindent=\dimen301
\interspacetitleruled=\dimen302
\interspacealgoruled=\dimen303
\interspacetitleboxruled=\dimen304
\algocf@ruledwidth=\skip114
\algocf@inoutbox=\box69
\algocf@inputbox=\box70
\AlCapSkip=\skip115
\AlCapHSkip=\skip116
\algoskipindent=\skip117
\algocf@nlbox=\box71
\algocf@hangingbox=\box72
\algocf@untilbox=\box73
\algocf@skipuntil=\skip118
\algocf@capbox=\box74
\algocf@lcaptionbox=\skip119
\algoheightruledefault=\skip120
\algoheightrule=\skip121
\algotitleheightruledefault=\skip122
\algotitleheightrule=\skip123
\c@algocfline=\count344
\c@algocfproc=\count345
\c@algocf=\count346
\algocf@algoframe=\box75
\algocf@algobox=\box76
)
(C:\Users\Administrator.DESKTOP-3NIAR4J\AppData\Local\Programs\MiKTeX\tex/latex
/listings\listings.sty
\lst@mode=\count347
\lst@gtempboxa=\box77
\lst@token=\toks48
\lst@length=\count348
\lst@currlwidth=\dimen305
\lst@column=\count349
\lst@pos=\count350
\lst@lostspace=\dimen306
\lst@width=\dimen307
\lst@newlines=\count351
\lst@lineno=\count352
\lst@maxwidth=\dimen308

(C:\Users\Administrator.DESKTOP-3NIAR4J\AppData\Local\Programs\MiKTeX\tex/latex
/listings\lstmisc.sty
File: lstmisc.sty 2023/02/27 1.9 (Carsten Heinz)
\c@lstnumber=\count353
\lst@skipnumbers=\count354
\lst@framebox=\box78
)
(C:\Users\Administrator.DESKTOP-3NIAR4J\AppData\Local\Programs\MiKTeX\tex/latex
/listings\listings.cfg
File: listings.cfg 2023/02/27 1.9 listings configuration
))
Package: listings 2023/02/27 1.9 (Carsten Heinz)

(C:\Users\Administrator.DESKTOP-3NIAR4J\AppData\Local\Programs\MiKTeX\tex/xelat
ex/xecjk\xeCJK-listings.sty
Package: xeCJK-listings 2022/08/05 v3.9.1 xeCJK patch file for listings
\l__xeCJK_listings_max_char_int=\count355
\l__xeCJK_listings_flag_int=\count356
)
(C:\Users\Administrator.DESKTOP-3NIAR4J\AppData\Local\Programs\MiKTeX\tex/latex
/listings\lstlang1.sty
File: lstlang1.sty 2023/02/27 1.9 listings language file
)
(C:\Users\Administrator.DESKTOP-3NIAR4J\AppData\Local\Programs\MiKTeX\tex/latex
/listings\lstlang1.sty
File: lstlang1.sty 2023/02/27 1.9 listings language file
)
(C:\Users\Administrator.DESKTOP-3NIAR4J\AppData\Local\Programs\MiKTeX\tex/latex
/listings\lstmisc.sty
File: lstmisc.sty 2023/02/27 1.9 (Carsten Heinz)
)
(C:\Users\Administrator.DESKTOP-3NIAR4J\AppData\Local\Programs\MiKTeX\tex/latex
/listings\lstlang1.sty
File: lstlang1.sty 2023/02/27 1.9 listings language file
)
(C:\Users\Administrator.DESKTOP-3NIAR4J\AppData\Local\Programs\MiKTeX\tex/latex
/listings\lstlang1.sty
File: lstlang1.sty 2023/02/27 1.9 listings language file
)
(C:\Users\Administrator.DESKTOP-3NIAR4J\AppData\Local\Programs\MiKTeX\tex/latex
/listings\lstlang2.sty
File: lstlang2.sty 2023/02/27 1.9 listings language file
)
(C:\Users\Administrator.DESKTOP-3NIAR4J\AppData\Local\Programs\MiKTeX\tex/latex
/listings\lstlang3.sty
File: lstlang3.sty 2023/02/27 1.9 listings language file
)
(C:\Users\Administrator.DESKTOP-3NIAR4J\AppData\Local\Programs\MiKTeX\tex/latex
/nomencl\nomencl.sty
Package: nomencl 2021/11/10 v5.6 Nomenclature package

(C:\Users\Administrator.DESKTOP-3NIAR4J\AppData\Local\Programs\MiKTeX\tex/latex
/xkeyval\xkeyval.sty
Package: xkeyval 2022/06/16 v2.9 package option processing (HA)

(C:\Users\Administrator.DESKTOP-3NIAR4J\AppData\Local\Programs\MiKTeX\tex/gener
ic/xkeyval\xkeyval.tex
(C:\Users\Administrator.DESKTOP-3NIAR4J\AppData\Local\Programs\MiKTeX\tex/gener
ic/xkeyval\xkvutils.tex
\XKV@toks=\toks49
\XKV@tempa@toks=\toks50
)
\XKV@depth=\count357
File: xkeyval.tex 2014/12/03 v2.7a key=value parser (HA)
))
(C:\Users\Administrator.DESKTOP-3NIAR4J\AppData\Local\Programs\MiKTeX\tex/latex
/koma-script\tocbasic.sty
Package: tocbasic 2022/10/12 v3.38 KOMA-Script package (handling toc-files)

(C:\Users\Administrator.DESKTOP-3NIAR4J\AppData\Local\Programs\MiKTeX\tex/latex
/koma-script\scrbase.sty
Package: scrbase 2022/10/12 v3.38 KOMA-Script package (KOMA-Script-independent 
basics and keyval usage)

(C:\Users\Administrator.DESKTOP-3NIAR4J\AppData\Local\Programs\MiKTeX\tex/latex
/koma-script\scrlfile.sty
Package: scrlfile 2022/10/12 v3.38 KOMA-Script package (file load hooks)

(C:\Users\Administrator.DESKTOP-3NIAR4J\AppData\Local\Programs\MiKTeX\tex/latex
/koma-script\scrlfile-hook.sty
Package: scrlfile-hook 2022/10/12 v3.38 KOMA-Script package (using LaTeX hooks)


(C:\Users\Administrator.DESKTOP-3NIAR4J\AppData\Local\Programs\MiKTeX\tex/latex
/koma-script\scrlogo.sty
Package: scrlogo 2022/10/12 v3.38 KOMA-Script package (logo)
)))
Applying: [2021/05/01] Usage of raw or classic option list on input line 252.
Already applied: [0000/00/00] Usage of raw or classic option list on input line
 368.
)
\scr@dte@tocline@numberwidth=\skip124
\scr@dte@tocline@numbox=\box79
)
Package tocbasic Info: omitting babel extension for `nlo'
(tocbasic)             because of missing \bbl@set@language on input line 187.
Package tocbasic Info: omitting babel extension for `nls'
(tocbasic)             because of missing \bbl@set@language on input line 188.
\nomlabelwidth=\dimen309
\nom@tempdim=\dimen310
\nomitemsep=\skip125
)
\@nomenclaturefile=\write3
\openout3 = `main.nlo'.

Package nomencl Info: Writing nomenclature file main.nlo on input line 74.

(C:\Users\Administrator.DESKTOP-3NIAR4J\AppData\Local\Programs\MiKTeX\tex/latex
/psnfss\pifont.sty
Package: pifont 2020/03/25 PSNFSS-v9.3 Pi font support (SPQR) 
LaTeX Font Info:    Trying to load font information for U+pzd on input line 63.


(C:\Users\Administrator.DESKTOP-3NIAR4J\AppData\Local\Programs\MiKTeX\tex/latex
/psnfss\upzd.fd
File: upzd.fd 2001/06/04 font definitions for U/pzd.
)
LaTeX Font Info:    Trying to load font information for U+psy on input line 64.


(C:\Users\Administrator.DESKTOP-3NIAR4J\AppData\Local\Programs\MiKTeX\tex/latex
/psnfss\upsy.fd
File: upsy.fd 2001/06/04 font definitions for U/psy.
))
(C:\Users\Administrator.DESKTOP-3NIAR4J\AppData\Local\Programs\MiKTeX\tex/latex
/footmisc\footmisc.sty
Package: footmisc 2022/03/08 v6.0d a miscellany of footnote facilities
\FN@temptoken=\toks51
\footnotemargin=\dimen311
\@outputbox@depth=\dimen312
\FN@tempboxb=\box80
\FN@tempboxc=\box81
\footglue=\skip126
\footnotebaselineskip=\dimen313
Package footmisc Info: Declaring symbol style bringhurst on input line 695.
Package footmisc Info: Declaring symbol style chicago on input line 703.
Package footmisc Info: Declaring symbol style wiley on input line 712.
Package footmisc Info: Declaring symbol style lamport-robust on input line 723.

Package footmisc Info: Declaring symbol style lamport* on input line 743.
Package footmisc Info: Declaring symbol style lamport*-robust on input line 764
.
)
Package footmisc Info: Declaring symbol style circled on input line 80.

Package fontspec Info: Font family 'TimesNewRoman(0)' created for font 'Times
(fontspec)             New Roman' with options
(fontspec)             [Mapping=tex-text,Ligatures=TeX].
(fontspec)              
(fontspec)              This font family consists of the following NFSS
(fontspec)             series/shapes:
(fontspec)              
(fontspec)             - 'normal' (m/n) with NFSS spec.: <->"Times New
(fontspec)             Roman/OT:script=latn;language=dflt;mapping=tex-text;"
(fontspec)             - 'small caps'  (m/sc) with NFSS spec.: <->"Times New
(fontspec)             Roman/OT:script=latn;language=dflt;+smcp;mapping=tex-tex
t;"
(fontspec)             - 'bold' (b/n) with NFSS spec.: <->"Times New
(fontspec)             Roman/B/OT:script=latn;language=dflt;mapping=tex-text;"
(fontspec)             - 'bold small caps'  (b/sc) with NFSS spec.: <->"Times
(fontspec)             New
(fontspec)             Roman/B/OT:script=latn;language=dflt;+smcp;mapping=tex-t
ext;"
(fontspec)             - 'italic' (m/it) with NFSS spec.: <->"Times New
(fontspec)             Roman/I/OT:script=latn;language=dflt;mapping=tex-text;"
(fontspec)             - 'italic small caps'  (m/scit) with NFSS spec.:
(fontspec)             <->"Times New
(fontspec)             Roman/I/OT:script=latn;language=dflt;+smcp;mapping=tex-t
ext;"
(fontspec)             - 'bold italic' (b/it) with NFSS spec.: <->"Times New
(fontspec)             Roman/BI/OT:script=latn;language=dflt;mapping=tex-text;"

(fontspec)             - 'bold italic small caps'  (b/scit) with NFSS spec.:
(fontspec)             <->"Times New
(fontspec)             Roman/BI/OT:script=latn;language=dflt;+smcp;mapping=tex-
text;"


Package fontspec Info: Font family 'Arial(0)' created for font 'Arial' with
(fontspec)             options [Mapping=tex-text,Ligatures=TeX].
(fontspec)              
(fontspec)              This font family consists of the following NFSS
(fontspec)             series/shapes:
(fontspec)              
(fontspec)             - 'normal' (m/n) with NFSS spec.:
(fontspec)             <->"Arial/OT:script=latn;language=dflt;mapping=tex-text;
"
(fontspec)             - 'small caps'  (m/sc) with NFSS spec.:
(fontspec)             <->"Arial/OT:script=latn;language=dflt;+smcp;mapping=tex
-text;"
(fontspec)             - 'bold' (b/n) with NFSS spec.:
(fontspec)             <->"Arial/B/OT:script=latn;language=dflt;mapping=tex-tex
t;"
(fontspec)             - 'bold small caps'  (b/sc) with NFSS spec.:
(fontspec)             <->"Arial/B/OT:script=latn;language=dflt;+smcp;mapping=t
ex-text;"
(fontspec)             - 'italic' (m/it) with NFSS spec.:
(fontspec)             <->"Arial/I/OT:script=latn;language=dflt;mapping=tex-tex
t;"
(fontspec)             - 'italic small caps'  (m/scit) with NFSS spec.:
(fontspec)             <->"Arial/I/OT:script=latn;language=dflt;+smcp;mapping=t
ex-text;"
(fontspec)             - 'bold italic' (b/it) with NFSS spec.:
(fontspec)             <->"Arial/BI/OT:script=latn;language=dflt;mapping=tex-te
xt;"
(fontspec)             - 'bold italic small caps'  (b/scit) with NFSS spec.:
(fontspec)             <->"Arial/BI/OT:script=latn;language=dflt;+smcp;mapping=
tex-text;"


Package fontspec Info: Could not resolve font "SimSun/BI" (it probably doesn't
(fontspec)             exist).


Package fontspec Info: Could not resolve font "SimSun/B" (it probably doesn't
(fontspec)             exist).


Package fontspec Info: Could not resolve font "SimSun/I" (it probably doesn't
(fontspec)             exist).


Package fontspec Info: Font family 'SimSun(0)' created for font 'SimSun' with
(fontspec)             options [Mapping=tex-text,Script={CJK}].
(fontspec)              
(fontspec)              This font family consists of the following NFSS
(fontspec)             series/shapes:
(fontspec)              
(fontspec)             - 'normal' (m/n) with NFSS spec.:
(fontspec)             <->"SimSun/OT:script=hani;language=dflt;mapping=tex-text
;"
(fontspec)             - 'small caps'  (m/sc) with NFSS spec.: 

) (main.aux (body/chapter_1.aux) (body/chapter_2.aux)
(body/chapter_3.aux) (appendix/acknowledgements.aux))
\openout1 = `main.aux'.

LaTeX Font Info:    Checking defaults for OML/cmm/m/it on input line 8.
LaTeX Font Info:    ... okay on input line 8.
LaTeX Font Info:    Checking defaults for OMS/cmsy/m/n on input line 8.
LaTeX Font Info:    ... okay on input line 8.
LaTeX Font Info:    Checking defaults for OT1/cmr/m/n on input line 8.
LaTeX Font Info:    ... okay on input line 8.
LaTeX Font Info:    Checking defaults for T1/cmr/m/n on input line 8.
LaTeX Font Info:    ... okay on input line 8.
LaTeX Font Info:    Checking defaults for TS1/cmr/m/n on input line 8.
LaTeX Font Info:    ... okay on input line 8.
LaTeX Font Info:    Checking defaults for TU/lmr/m/n on input line 8.
LaTeX Font Info:    ... okay on input line 8.
LaTeX Font Info:    Checking defaults for OMX/cmex/m/n on input line 8.
LaTeX Font Info:    ... okay on input line 8.
LaTeX Font Info:    Checking defaults for U/cmr/m/n on input line 8.
LaTeX Font Info:    ... okay on input line 8.
LaTeX Font Info:    Checking defaults for PD1/pdf/m/n on input line 8.
LaTeX Font Info:    ... okay on input line 8.
LaTeX Font Info:    Checking defaults for PU/pdf/m/n on input line 8.
LaTeX Font Info:    ... okay on input line 8.

*geometry* driver: auto-detecting
*geometry* detected driver: xetex
*geometry* verbose mode - [ preamble ] result:
* driver: xetex
* paper: a4paper
* layout: <same size as paper>
* layoutoffset:(h,v)=(0.0pt,0.0pt)
* modes: includehead includefoot twoside 
* h-part:(L,W,R)=(73.97716pt, 449.55356pt, 73.97716pt)
* v-part:(T,H,B)=(59.75078pt, 728.39056pt, 56.9055pt)
* \paperwidth=597.50787pt
* \paperheight=845.04684pt
* \textwidth=449.55356pt
* \textheight=673.02814pt
* \oddsidemargin=1.70717pt
* \evensidemargin=1.70717pt
* \topmargin=-12.51921pt
* \headheight=12.0pt
* \headsep=18.06749pt
* \topskip=10.0pt
* \footskip=25.29494pt
* \marginparwidth=125.0pt
* \marginparsep=7.0pt
* \columnsep=10.0pt
* \skip\footins=9.0pt plus 4.0pt minus 2.0pt
* \hoffset=0.0pt
* \voffset=0.0pt
* \mag=1000
* \@twocolumnfalse
* \@twosidetrue
* \@mparswitchtrue
* \@reversemarginfalse
* (1in=72.27pt=25.4mm, 1cm=28.453pt)

Package caption Info: Begin \AtBeginDocument code.
Package caption Info: hyperref package is loaded.
Package caption Info: listings package is loaded.
Package caption Info: End \AtBeginDocument code.
Package hyperref Info: Link coloring OFF on input line 8.
(main.out) (main.out)
\@outlinefile=\write4
\openout4 = `main.out'.

\c@lstlisting=\count358
 (setup/format.tex
\c@currdefinitionctr=\count359
\c@enddefinitionctr=\count360
\c@definition=\count361
\c@currexamplectr=\count362
\c@endexamplectr=\count363
\c@example=\count364
\c@currtheoremctr=\count365
\c@endtheoremctr=\count366
\c@theorem=\count367
\c@currproofctr=\count368
\c@endproofctr=\count369
\c@proof=\count370
\c@pubctr=\count371
) (setup/cover.tex
File: figures//cover/xiaohui.pdf Graphic file (type pdf)
<use figures//cover/xiaohui.pdf>

Package fontspec Info: Could not resolve font "KaiTi/BI" (it probably doesn't
(fontspec)             exist).


Package fontspec Info: Could not resolve font "KaiTi/B" (it probably doesn't
(fontspec)             exist).


Package fontspec Info: Could not resolve font "KaiTi/I" (it probably doesn't
(fontspec)             exist).


Package fontspec Info: Font family 'KaiTi(0)' created for font 'KaiTi' with
(fontspec)             options [Mapping=tex-text,Script={CJK}].
(fontspec)              
(fontspec)              This font family consists of the following NFSS
(fontspec)             series/shapes:
(fontspec)              
(fontspec)             - 'normal' (m/n) with NFSS spec.:
(fontspec)             <->"KaiTi/OT:script=hani;language=dflt;mapping=tex-text;
"
(fontspec)             - 'small caps'  (m/sc) with NFSS spec.: 


Package fontspec Info: Could not resolve font "SimHei/BI" (it probably doesn't
(fontspec)             exist).


Package fontspec Info: Could not resolve font "SimHei/B" (it probably doesn't
(fontspec)             exist).


Package fontspec Info: Could not resolve font "SimHei/I" (it probably doesn't
(fontspec)             exist).


Package fontspec Info: Font family 'SimHei(0)' created for font 'SimHei' with
(fontspec)             options [Mapping=tex-text,Script={CJK}].
(fontspec)              
(fontspec)              This font family consists of the following NFSS
(fontspec)             series/shapes:
(fontspec)              
(fontspec)             - 'normal' (m/n) with NFSS spec.:
(fontspec)             <->"SimHei/OT:script=hani;language=dflt;mapping=tex-text
;"
(fontspec)             - 'small caps'  (m/sc) with NFSS spec.: 



LaTeX Font Warning: Font shape `TU/SimHei(0)/b/n' undefined
(Font)              using `TU/SimHei(0)/m/n' instead on input line 15.

LaTeX Font Info:    Calculating math sizes for size <16> on input line 21.
LaTeX Font Info:    Trying to load font information for OT1+lmr on input line 2
1.

(C:\Users\Administrator.DESKTOP-3NIAR4J\AppData\Local\Programs\MiKTeX\tex/latex
/lm\ot1lmr.fd
File: ot1lmr.fd 2015/05/01 v1.6.1 Font defs for Latin Modern
)
LaTeX Font Info:    Trying to load font information for OML+lmm on input line 2
1.

(C:\Users\Administrator.DESKTOP-3NIAR4J\AppData\Local\Programs\MiKTeX\tex/latex
/lm\omllmm.fd
File: omllmm.fd 2015/05/01 v1.6.1 Font defs for Latin Modern
)
LaTeX Font Info:    Trying to load font information for OMS+lmsy on input line 
21.

(C:\Users\Administrator.DESKTOP-3NIAR4J\AppData\Local\Programs\MiKTeX\tex/latex
/lm\omslmsy.fd
File: omslmsy.fd 2015/05/01 v1.6.1 Font defs for Latin Modern
)
LaTeX Font Info:    Trying to load font information for OMX+lmex on input line 
21.

(C:\Users\Administrator.DESKTOP-3NIAR4J\AppData\Local\Programs\MiKTeX\tex/latex
/lm\omxlmex.fd
File: omxlmex.fd 2015/05/01 v1.6.1 Font defs for Latin Modern
)
LaTeX Font Info:    External font `lmex10' loaded for size
(Font)              <16> on input line 21.
LaTeX Font Info:    External font `lmex10' loaded for size
(Font)              <11.19995> on input line 21.
LaTeX Font Info:    External font `lmex10' loaded for size
(Font)              <8> on input line 21.
LaTeX Font Info:    Trying to load font information for U+msa on input line 21.


(C:\Users\Administrator.DESKTOP-3NIAR4J\AppData\Local\Programs\MiKTeX\tex/latex
/amsfonts\umsa.fd
File: umsa.fd 2013/01/14 v3.01 AMS symbols A
)
LaTeX Font Info:    Trying to load font information for U+msb on input line 21.


(C:\Users\Administrator.DESKTOP-3NIAR4J\AppData\Local\Programs\MiKTeX\tex/latex
/amsfonts\umsb.fd
File: umsb.fd 2013/01/14 v3.01 AMS symbols B
)

LaTeX Font Warning: Font shape `TU/SimSun(0)/b/n' undefined
(Font)              using `TU/SimSun(0)/m/n' instead on input line 22.

[1


]
LaTeX Font Info:    Calculating math sizes for size <14> on input line 38.
LaTeX Font Info:    External font `lmex10' loaded for size
(Font)              <14> on input line 38.
LaTeX Font Info:    External font `lmex10' loaded for size
(Font)              <9.79996> on input line 38.
LaTeX Font Info:    External font `lmex10' loaded for size
(Font)              <7> on input line 38.

Package fontspec Info: Font family 'STXINWEI.TTF(0)' created for font
(fontspec)             'STXINWEI.TTF' with options
(fontspec)             [Mapping=tex-text,Script={CJK}].
(fontspec)              
(fontspec)              This font family consists of the following NFSS
(fontspec)             series/shapes:
(fontspec)              
(fontspec)             - 'normal' (m/n) with NFSS spec.:
(fontspec)             <->"[STXINWEI.TTF]/OT:script=hani;language=dflt;mapping=
tex-text;"
(fontspec)             - 'small caps'  (m/sc) with NFSS spec.: 



LaTeX Font Warning: Font shape `TU/STXINWEI.TTF(0)/b/n' undefined
(Font)              using `TU/STXINWEI.TTF(0)/m/n' instead on input line 47.


Package fontspec Warning: Font "LiSu" does not contain requested Script "CJK".


Package fontspec Info: Could not resolve font "LiSu/BI" (it probably doesn't
(fontspec)             exist).


Package fontspec Info: Could not resolve font "LiSu/B" (it probably doesn't
(fontspec)             exist).


Package fontspec Info: Could not resolve font "LiSu/I" (it probably doesn't
(fontspec)             exist).


Package fontspec Info: Font family 'LiSu(0)' created for font 'LiSu' with
(fontspec)             options [Mapping=tex-text,Script={CJK}].
(fontspec)              
(fontspec)              This font family consists of the following NFSS
(fontspec)             series/shapes:
(fontspec)              
(fontspec)             - 'normal' (m/n) with NFSS spec.:
(fontspec)             <->"LiSu/OT:language=dflt;mapping=tex-text;"
(fontspec)             - 'small caps'  (m/sc) with NFSS spec.: 


LaTeX Font Warning: Font shape `TU/LiSu(0)/b/n' undefined
(Font)              using `TU/LiSu(0)/m/n' instead on input line 50.

[2]
LaTeX Font Info:    External font `lmex10' loaded for size
(Font)              <12> on input line 85.
LaTeX Font Info:    External font `lmex10' loaded for size
(Font)              <6> on input line 85.
 [3] [4] [5]) (setup/abstract.tex [6] [7

]) (setup/content.tex (main.toc)
\tf@toc=\write5
\openout5 = `main.toc'.


[8


] (main.toe)
\tf@toe=\write6
\openout6 = `main.toe'.

 [9

]) (setup/inventory.tex
LaTeX Font Info:    Calculating math sizes for size <10.5> on input line 18.
LaTeX Font Info:    External font `lmex10' loaded for size
(Font)              <10.5> on input line 18.
LaTeX Font Info:    External font `lmex10' loaded for size
(Font)              <7.34996> on input line 18.
LaTeX Font Info:    External font `lmex10' loaded for size
(Font)              <5.25> on input line 18.

Overfull \hbox (1.04646pt too wide) in paragraph at lines 18--29
[][]   
 []

[1

]
Overfull \hbox (1.04646pt too wide) in paragraph at lines 45--56
[][]   
 []

[2] [3]) (setup/nomenclature.tex
No file main.nls.
)
\openout2 = `body/chapter_1.aux'.

 (body/chapter_1.tex
1
LaTeX Font Info:    External font `lmex10' loaded for size
(Font)              <18.06749> on input line 6.
LaTeX Font Info:    External font `lmex10' loaded for size
(Font)              <15.05624> on input line 6.
LaTeX Font Info:    External font `lmex10' loaded for size
(Font)              <12.045> on input line 6.
LaTeX Font Info:    Calculating math sizes for size <15> on input line 14.
LaTeX Font Info:    External font `lmex10' loaded for size
(Font)              <15> on input line 14.
LaTeX Font Info:    External font `lmex10' loaded for size
(Font)              <10.49995> on input line 14.
LaTeX Font Info:    External font `lmex10' loaded for size
(Font)              <7.5> on input line 14.

Package fancyhdr Warning: \headheight is too small (12.0pt): 
(fancyhdr)                Make it at least 16.4898pt, for example:
(fancyhdr)                \setlength{\headheight}{16.4898pt}.
(fancyhdr)                You might also make \topmargin smaller to compensate:

(fancyhdr)                \addtolength{\topmargin}{-4.4898pt}.

[1




]

Package fancyhdr Warning: \headheight is too small (12.0pt): 
(fancyhdr)                Make it at least 16.4898pt, for example:
(fancyhdr)                \setlength{\headheight}{16.4898pt}.
(fancyhdr)                You might also make \topmargin smaller to compensate:

(fancyhdr)                \addtolength{\topmargin}{-4.4898pt}.

[2]

Package xeCJK Warning: Unknown CJK family `\CJKttdefault' is being ignored.
(xeCJK)                
(xeCJK)                Try to use `\setCJKmonofont[<...>]{<...>}' to define
(xeCJK)                it.

)

Package fancyhdr Warning: \headheight is too small (12.0pt): 
(fancyhdr)                Make it at least 16.4898pt, for example:
(fancyhdr)                \setlength{\headheight}{16.4898pt}.
(fancyhdr)                You might also make \topmargin smaller to compensate:

(fancyhdr)                \addtolength{\topmargin}{-4.4898pt}.

[3]
\openout2 = `body/chapter_2.aux'.

 (body/chapter_2.tex
2
File: figures//chapter2/echoes.pdf Graphic file (type pdf)
<use figures//chapter2/echoes.pdf>
File: figures/cover/xiaohui.pdf Graphic file (type pdf)
<use figures/cover/xiaohui.pdf>
File: figures/cover/xiaohui.pdf Graphic file (type pdf)
<use figures/cover/xiaohui.pdf>

Package fancyhdr Warning: \headheight is too small (12.0pt): 
(fancyhdr)                Make it at least 16.40778pt, for example:
(fancyhdr)                \setlength{\headheight}{16.40778pt}.
(fancyhdr)                You might also make \topmargin smaller to compensate:

(fancyhdr)                \addtolength{\topmargin}{-4.40778pt}.

[4




]

Package fancyhdr Warning: \headheight is too small (12.0pt): 
(fancyhdr)                Make it at least 16.40778pt, for example:
(fancyhdr)                \setlength{\headheight}{16.40778pt}.
(fancyhdr)                You might also make \topmargin smaller to compensate:

(fancyhdr)                \addtolength{\topmargin}{-4.40778pt}.

[5]

Package fancyhdr Warning: \headheight is too small (12.0pt): 
(fancyhdr)                Make it at least 16.40778pt, for example:
(fancyhdr)                \setlength{\headheight}{16.40778pt}.
(fancyhdr)                You might also make \topmargin smaller to compensate:

(fancyhdr)                \addtolength{\topmargin}{-4.40778pt}.

[6])

Package fancyhdr Warning: \headheight is too small (12.0pt): 
(fancyhdr)                Make it at least 16.40778pt, for example:
(fancyhdr)                \setlength{\headheight}{16.40778pt}.
(fancyhdr)                You might also make \topmargin smaller to compensate:

(fancyhdr)                \addtolength{\topmargin}{-4.40778pt}.

[7]
\openout2 = `body/chapter_3.aux'.

 (body/chapter_3.tex
3

Package fancyhdr Warning: \headheight is too small (12.0pt): 
(fancyhdr)                Make it at least 16.44879pt, for example:
(fancyhdr)                \setlength{\headheight}{16.44879pt}.
(fancyhdr)                You might also make \topmargin smaller to compensate:

(fancyhdr)                \addtolength{\topmargin}{-4.44879pt}.

[8




]) (main.bbl) (setup/personal_infor.tex [9




]
Overfull \hbox (37.24007pt too wide) in paragraph at lines 37--38
[]\TU/TimesNewRoman(0)/m/n/12 1. ***\TU/SimSun(0)/b/n/12 |  \TU/TimesNewRoman
(0)/m/n/12 . \TU/SimSun(0)/b/n/12                 \TU/TimesNewR
oman(0)/m/n/12 (\TU/SimSun(0)/b/n/12       |   \TU/TimesNewRoman(0)/m
/n/12 :1282B05012).2005\TU/SimSun(0)/b/n/12 |
 []


Overfull \hbox (29.89436pt too wide) in paragraph at lines 39--40
[]\TU/TimesNewRoman(0)/m/n/12 2. \TU/SimSun(0)/b/n/12             
                        | 
 []


Overfull \hbox (41.89436pt too wide) in paragraph at lines 46--47
[]\TU/TimesNewRoman(0)/m/n/12 2. \TU/SimSun(0)/b/n/12             
                         |
 []

[10])
\openout2 = `appendix/acknowledgements.aux'.

 (appendix/acknowledgements.tex) [11


]
\tf@thm=\write7
\openout7 = `main.thm'.

 (main.aux (body/chapter_1.aux)
(body/chapter_2.aux) (body/chapter_3.aux) (appendix/acknowledgements.aux))

LaTeX Font Warning: Some font shapes were not available, defaults substituted.

Package rerunfilecheck Info: File `main.out' has not changed.
(rerunfilecheck)             Checksum: F4E12FAE4898C188776DE81309164B08;1681.
 ) 
Here is how much of TeX's memory you used:
 24693 strings out of 411472
 521705 string characters out of 5813392
 1865012 words of memory out of 5000000
 44391 multiletter control sequences out of 15000+600000
 620149 words of font info for 269 fonts, out of 8000000 for 9000
 1348 hyphenation exceptions out of 8191
 115i,15n,109p,1231b,502s stack positions out of 10000i,1000n,20000p,200000b,200000s

Output written on main.pdf (23 pages).
